  opcode_map.cpp
C:\Users\Tim\source\repos\opcode_map\opcode_map\opcode_map.cpp(7,27): warning C4244: 'argument': conversion from 'double' to 'int', possible loss of data
  SubopcodeParser.cpp
C:\Users\Tim\source\repos\opcode_map\opcode_map\SubopcodeParser.h(74,36): error C2672: 'get': no matching overloaded function found
C:\Users\Tim\source\repos\opcode_map\opcode_map\SubopcodeParser.cpp(14): message : see reference to function template instantiation 'void SubopcodeParser::choose_member_impl<,void>(int,int)' being compiled
C:\Users\Tim\source\repos\opcode_map\opcode_map\SubopcodeParser.h(70,1): error C2784: '_Ty1 &std::get(std::pair<_Ty1,_Ty2> &) noexcept': could not deduce template argument for 'std::pair<void(__thiscall SubopcodeParser::* )(void),_Ty2> &' from 'std::pair<std::_Tree_const_iterator<std::_Tree_val<std::_Tree_simple_types<std::pair<const std::pair<int,int>,SubopcodeParser::map_pointer_types>>>>,std::_Tree_const_iterator<std::_Tree_val<std::_Tree_simple_types<std::pair<const std::pair<int,int>,SubopcodeParser::map_pointer_types>>>>>'
C:\Program Files (x86)\Microsoft Visual Studio\2019\Community\VC\Tools\MSVC\14.29.30037\include\utility(547): message : see declaration of 'std::get'
C:\Users\Tim\source\repos\opcode_map\opcode_map\SubopcodeParser.h(70,1): error C2975: 'std::get': invalid template argument for '_Idx', expected compile-time constant expression
C:\Program Files (x86)\Microsoft Visual Studio\2019\Community\VC\Tools\MSVC\14.29.30037\include\utility(540): message : see declaration of 'std::get'
C:\Users\Tim\source\repos\opcode_map\opcode_map\SubopcodeParser.h(70,1): error C3536: 'member_pointer': cannot be used before it is initialized
C:\Users\Tim\source\repos\opcode_map\opcode_map\SubopcodeParser.h(75,14): error C2672: 'invoke': no matching overloaded function found
C:\Users\Tim\source\repos\opcode_map\opcode_map\SubopcodeParser.h(70,1): error C2893: Failed to specialize function template 'unknown-type std::invoke(_Callable &&,_Ty1 &&,_Types2 &&...) noexcept(<expr>)'
C:\Program Files (x86)\Microsoft Visual Studio\2019\Community\VC\Tools\MSVC\14.29.30037\include\type_traits(1589): message : see declaration of 'std::invoke'
C:\Users\Tim\source\repos\opcode_map\opcode_map\SubopcodeParser.h(70,1): message : With the following template arguments:
C:\Users\Tim\source\repos\opcode_map\opcode_map\SubopcodeParser.h(70,1): message : '_Callable=int &'
C:\Users\Tim\source\repos\opcode_map\opcode_map\SubopcodeParser.h(70,1): message : '_Ty1=SubopcodeParser *'
C:\Users\Tim\source\repos\opcode_map\opcode_map\SubopcodeParser.h(70,1): message : '_Types2={}'
C:\Users\Tim\source\repos\opcode_map\opcode_map\SubopcodeParser.h(70,1): error C2780: 'unknown-type std::invoke(_Callable &&) noexcept(<expr>)': expects 1 arguments - 2 provided
C:\Program Files (x86)\Microsoft Visual Studio\2019\Community\VC\Tools\MSVC\14.29.30037\include\type_traits(1583): message : see declaration of 'std::invoke'
C:\Users\Tim\source\repos\opcode_map\opcode_map\SubopcodeParser.h(70,1): error C2784: '_Ty1 &std::get(std::pair<_Ty1,_Ty2> &) noexcept': could not deduce template argument for 'std::pair<void(__thiscall SubopcodeParser::* )(const char *),_Ty2> &' from 'std::pair<std::_Tree_const_iterator<std::_Tree_val<std::_Tree_simple_types<std::pair<const std::pair<int,int>,SubopcodeParser::map_pointer_types>>>>,std::_Tree_const_iterator<std::_Tree_val<std::_Tree_simple_types<std::pair<const std::pair<int,int>,SubopcodeParser::map_pointer_types>>>>>'
C:\Program Files (x86)\Microsoft Visual Studio\2019\Community\VC\Tools\MSVC\14.29.30037\include\utility(547): message : see declaration of 'std::get'
C:\Users\Tim\source\repos\opcode_map\opcode_map\SubopcodeParser.h(70,1): error C2780: 'unknown-type std::invoke(_Callable &&) noexcept(<expr>)': expects 1 arguments - 3 provided
C:\Program Files (x86)\Microsoft Visual Studio\2019\Community\VC\Tools\MSVC\14.29.30037\include\type_traits(1583): message : see declaration of 'std::invoke'
C:\Users\Tim\source\repos\opcode_map\opcode_map\SubopcodeParser.h(70,1): error C2784: '_Ty1 &std::get(std::pair<_Ty1,_Ty2> &) noexcept': could not deduce template argument for 'std::pair<void(__thiscall SubopcodeParser::* )(int),_Ty2> &' from 'std::pair<std::_Tree_const_iterator<std::_Tree_val<std::_Tree_simple_types<std::pair<const std::pair<int,int>,SubopcodeParser::map_pointer_types>>>>,std::_Tree_const_iterator<std::_Tree_val<std::_Tree_simple_types<std::pair<const std::pair<int,int>,SubopcodeParser::map_pointer_types>>>>>'
C:\Program Files (x86)\Microsoft Visual Studio\2019\Community\VC\Tools\MSVC\14.29.30037\include\utility(547): message : see declaration of 'std::get'
C:\Users\Tim\source\repos\opcode_map\opcode_map\SubopcodeParser.h(70,1): error C2784: '_Ty1 &std::get(std::pair<_Ty1,_Ty2> &) noexcept': could not deduce template argument for 'std::pair<void(__thiscall SubopcodeParser::* )(std::vector<int,std::allocator<int>>),_Ty2> &' from 'std::pair<std::_Tree_const_iterator<std::_Tree_val<std::_Tree_simple_types<std::pair<const std::pair<int,int>,SubopcodeParser::map_pointer_types>>>>,std::_Tree_const_iterator<std::_Tree_val<std::_Tree_simple_types<std::pair<const std::pair<int,int>,SubopcodeParser::map_pointer_types>>>>>'
C:\Program Files (x86)\Microsoft Visual Studio\2019\Community\VC\Tools\MSVC\14.29.30037\include\utility(547): message : see declaration of 'std::get'
C:\Users\Tim\source\repos\opcode_map\opcode_map\SubopcodeParser.h(70,1): error C2784: '_Ty1 &std::get(std::pair<_Ty1,_Ty2> &) noexcept': could not deduce template argument for 'std::pair<void(__thiscall SubopcodeParser::* )(std::vector<std::string,std::allocator<std::string>>),_Ty2> &' from 'std::pair<std::_Tree_const_iterator<std::_Tree_val<std::_Tree_simple_types<std::pair<const std::pair<int,int>,SubopcodeParser::map_pointer_types>>>>,std::_Tree_const_iterator<std::_Tree_val<std::_Tree_simple_types<std::pair<const std::pair<int,int>,SubopcodeParser::map_pointer_types>>>>>'
C:\Program Files (x86)\Microsoft Visual Studio\2019\Community\VC\Tools\MSVC\14.29.30037\include\utility(547): message : see declaration of 'std::get'
C:\Users\Tim\source\repos\opcode_map\opcode_map\SubopcodeParser.h(70,1): error C2784: '_Ty1 &std::get(std::pair<_Ty1,_Ty2> &) noexcept': could not deduce template argument for 'std::pair<void(__thiscall SubopcodeParser::* )(double,std::string),_Ty2> &' from 'std::pair<std::_Tree_const_iterator<std::_Tree_val<std::_Tree_simple_types<std::pair<const std::pair<int,int>,SubopcodeParser::map_pointer_types>>>>,std::_Tree_const_iterator<std::_Tree_val<std::_Tree_simple_types<std::pair<const std::pair<int,int>,SubopcodeParser::map_pointer_types>>>>>'
C:\Program Files (x86)\Microsoft Visual Studio\2019\Community\VC\Tools\MSVC\14.29.30037\include\utility(547): message : see declaration of 'std::get'
C:\Users\Tim\source\repos\opcode_map\opcode_map\SubopcodeParser.h(70,1): error C2780: 'unknown-type std::invoke(_Callable &&) noexcept(<expr>)': expects 1 arguments - 4 provided
C:\Program Files (x86)\Microsoft Visual Studio\2019\Community\VC\Tools\MSVC\14.29.30037\include\type_traits(1583): message : see declaration of 'std::invoke'
